<?xml version="1.0" encoding="UTF-8"?>
<!-- Generated by org.testng.reporters.JUnitReportReporter -->
<testsuite skipped="0" hostname="DESKTOP-UOLNMF5" name="com.demo.prepare.Openchrome" tests="1" failures="0" timestamp="29 Mar 2018 12:56:24 GMT" time="62.590" errors="0">
  <testcase name="browser" time="62.590" classname="com.demo.prepare.Openchrome"/>
</testsuite> <!-- com.demo.prepare.Openchrome -->
