<?xml version="1.0" encoding="UTF-8"?>
<!-- Generated by org.testng.reporters.JUnitReportReporter -->
<testsuite skipped="0" hostname="DESKTOP-1PL7D1K" name="com.demo.prepare.Openchrome" tests="1" failures="0" timestamp="01 May 2018 17:03:33 GMT" time="50.873" errors="0">
  <testcase name="browser" time="50.873" classname="com.demo.prepare.Openchrome"/>
</testsuite> <!-- com.demo.prepare.Openchrome -->
